# JRE version: Java(TM) SE Runtime Environment (8.0_131-b11) (build 1.8.0_131-b11)
# Java VM: Java HotSpot(TM) 64-Bit Server VM (25.131-b11 mixed mode windows-amd64 compressed oops)
Heap:
 PSYoungGen      total 33280K, used 10434K [0x00000000eb400000, 0x00000000ee600000, 0x0000000100000000)
  eden space 26624K, 14% used [0x00000000eb400000,0x00000000eb7b7158,0x00000000ece00000)
  from space 6656K, 99% used [0x00000000ece00000,0x00000000ed4796c0,0x00000000ed480000)
  to   space 8192K, 0% used [0x00000000ede00000,0x00000000ede00000,0x00000000ee600000)
 ParOldGen       total 35328K, used 10009K [0x00000000c1c00000, 0x00000000c3e80000, 0x00000000eb400000)
  object space 35328K, 28% used [0x00000000c1c00000,0x00000000c25c64a0,0x00000000c3e80000)
 Metaspace       used 32176K, capacity 33154K, committed 33408K, reserved 1077248K
  class space    used 4479K, capacity 4700K, committed 4736K, reserved 1048576K
GC Heap History (10 events):
Event: 6.948 GC heap before
{Heap before GC invocations=6 (full 0):
 PSYoungGen      total 18944K, used 8550K [0x00000000eb400000, 0x00000000ed200000, 0x0000000100000000)
  eden space 16384K, 36% used [0x00000000eb400000,0x00000000eb9dc000,0x00000000ec400000)
  from space 2560K, 99% used [0x00000000ec400000,0x00000000ec67d888,0x00000000ec680000)
  to   space 7168K, 0% used [0x00000000ecb00000,0x00000000ecb00000,0x00000000ed200000)
 ParOldGen       total 44032K, used 8107K [0x00000000c1c00000, 0x00000000c4700000, 0x00000000eb400000)
  object space 44032K, 18% used [0x00000000c1c00000,0x00000000c23eac78,0x00000000c4700000)
 Metaspace       used 20793K, capacity 21150K, committed 21248K, reserved 1067008K
  class space    used 2633K, capacity 2752K, committed 2816K, reserved 1048576K
Event: 6.953 GC heap after
Heap after GC invocations=6 (full 0):
 PSYoungGen      total 24064K, used 3549K [0x00000000eb400000, 0x00000000ee100000, 0x0000000100000000)
  eden space 16896K, 0% used [0x00000000eb400000,0x00000000eb400000,0x00000000ec480000)
  from space 7168K, 49% used [0x00000000ecb00000,0x00000000ece77668,0x00000000ed200000)
  to   space 6656K, 0% used [0x00000000ec480000,0x00000000ec480000,0x00000000ecb00000)
 ParOldGen       total 44032K, used 8107K [0x00000000c1c00000, 0x00000000c4700000, 0x00000000eb400000)
  object space 44032K, 18% used [0x00000000c1c00000,0x00000000c23eac78,0x00000000c4700000)
 Metaspace       used 20793K, capacity 21150K, committed 21248K, reserved 1067008K
  class space    used 2633K, capacity 2752K, committed 2816K, reserved 1048576K
}
Event: 6.953 GC heap before
{Heap before GC invocations=7 (full 1):
 PSYoungGen      total 24064K, used 3549K [0x00000000eb400000, 0x00000000ee100000, 0x0000000100000000)
  eden space 16896K, 0% used [0x00000000eb400000,0x00000000eb400000,0x00000000ec480000)
  from space 7168K, 49% used [0x00000000ecb00000,0x00000000ece77668,0x00000000ed200000)
  to   space 6656K, 0% used [0x00000000ec480000,0x00000000ec480000,0x00000000ecb00000)
 ParOldGen       total 44032K, used 8107K [0x00000000c1c00000, 0x00000000c4700000, 0x00000000eb400000)
  object space 44032K, 18% used [0x00000000c1c00000,0x00000000c23eac78,0x00000000c4700000)
 Metaspace       used 20793K, capacity 21150K, committed 21248K, reserved 1067008K
  class space    used 2633K, capacity 2752K, committed 2816K, reserved 1048576K
Event: 7.010 GC heap after
Heap after GC invocations=7 (full 1):
 PSYoungGen      total 24064K, used 0K [0x00000000eb400000, 0x00000000ee100000, 0x0000000100000000)
  eden space 16896K, 0% used [0x00000000eb400000,0x00000000eb400000,0x00000000ec480000)
  from space 7168K, 0% used [0x00000000ecb00000,0x00000000ecb00000,0x00000000ed200000)
  to   space 6656K, 0% used [0x00000000ec480000,0x00000000ec480000,0x00000000ecb00000)
 ParOldGen       total 35328K, used 8759K [0x00000000c1c00000, 0x00000000c3e80000, 0x00000000eb400000)
  object space 35328K, 24% used [0x00000000c1c00000,0x00000000c248dc30,0x00000000c3e80000)
 Metaspace       used 20793K, capacity 21150K, committed 21248K, reserved 1067008K
  class space    used 2633K, capacity 2752K, committed 2816K, reserved 1048576K
}
Event: 7.472 GC heap before
{Heap before GC invocations=8 (full 1):
 PSYoungGen      total 24064K, used 16896K [0x00000000eb400000, 0x00000000ee100000, 0x0000000100000000)
  eden space 16896K, 100% used [0x00000000eb400000,0x00000000ec480000,0x00000000ec480000)
  from space 7168K, 0% used [0x00000000ecb00000,0x00000000ecb00000,0x00000000ed200000)
  to   space 6656K, 0% used [0x00000000ec480000,0x00000000ec480000,0x00000000ecb00000)
 ParOldGen       total 35328K, used 8759K [0x00000000c1c00000, 0x00000000c3e80000, 0x00000000eb400000)
  object space 35328K, 24% used [0x00000000c1c00000,0x00000000c248dc30,0x00000000c3e80000)
 Metaspace       used 22630K, capacity 23038K, committed 23296K, reserved 1069056K
  class space    used 2909K, capacity 3040K, committed 3072K, reserved 1048576K
Event: 7.474 GC heap after
Heap after GC invocations=8 (full 1):
 PSYoungGen      total 23552K, used 2207K [0x00000000eb400000, 0x00000000edb80000, 0x0000000100000000)
  eden space 16896K, 0% used [0x00000000eb400000,0x00000000eb400000,0x00000000ec480000)
  from space 6656K, 33% used [0x00000000ec480000,0x00000000ec6a7f40,0x00000000ecb00000)
  to   space 6656K, 0% used [0x00000000ed500000,0x00000000ed500000,0x00000000edb80000)
 ParOldGen       total 35328K, used 8767K [0x00000000c1c00000, 0x00000000c3e80000, 0x00000000eb400000)
  object space 35328K, 24% used [0x00000000c1c00000,0x00000000c248fc30,0x00000000c3e80000)
 Metaspace       used 22630K, capacity 23038K, committed 23296K, reserved 1069056K
  class space    used 2909K, capacity 3040K, committed 3072K, reserved 1048576K
}
Event: 8.884 GC heap before
{Heap before GC invocations=9 (full 1):
 PSYoungGen      total 23552K, used 19103K [0x00000000eb400000, 0x00000000edb80000, 0x0000000100000000)
  eden space 16896K, 100% used [0x00000000eb400000,0x00000000ec480000,0x00000000ec480000)
  from space 6656K, 33% used [0x00000000ec480000,0x00000000ec6a7f40,0x00000000ecb00000)
  to   space 6656K, 0% used [0x00000000ed500000,0x00000000ed500000,0x00000000edb80000)
 ParOldGen       total 35328K, used 8767K [0x00000000c1c00000, 0x00000000c3e80000, 0x00000000eb400000)
  object space 35328K, 24% used [0x00000000c1c00000,0x00000000c248fc30,0x00000000c3e80000)
 Metaspace       used 27199K, capacity 27990K, committed 28160K, reserved 1073152K
  class space    used 3781K, capacity 3974K, committed 4096K, reserved 1048576K
Event: 8.888 GC heap after
Heap after GC invocations=9 (full 1):
 PSYoungGen      total 32768K, used 2210K [0x00000000eb400000, 0x00000000edb00000, 0x0000000100000000)
  eden space 26624K, 0% used [0x00000000eb400000,0x00000000eb400000,0x00000000ece00000)
  from space 6144K, 35% used [0x00000000ed500000,0x00000000ed728a08,0x00000000edb00000)
  to   space 6656K, 0% used [0x00000000ece00000,0x00000000ece00000,0x00000000ed480000)
 ParOldGen       total 35328K, used 8775K [0x00000000c1c00000, 0x00000000c3e80000, 0x00000000eb400000)
  object space 35328K, 24% used [0x00000000c1c00000,0x00000000c2491c30,0x00000000c3e80000)
 Metaspace       used 27199K, capacity 27990K, committed 28160K, reserved 1073152K
  class space    used 3781K, capacity 3974K, committed 4096K, reserved 1048576K
}
Event: 11.958 GC heap before
{Heap before GC invocations=10 (full 1):
 PSYoungGen      total 32768K, used 28834K [0x00000000eb400000, 0x00000000edb00000, 0x0000000100000000)
  eden space 26624K, 100% used [0x00000000eb400000,0x00000000ece00000,0x00000000ece00000)
  from space 6144K, 35% used [0x00000000ed500000,0x00000000ed728a08,0x00000000edb00000)
  to   space 6656K, 0% used [0x00000000ece00000,0x00000000ece00000,0x00000000ed480000)
 ParOldGen       total 35328K, used 8775K [0x00000000c1c00000, 0x00000000c3e80000, 0x00000000eb400000)
  object space 35328K, 24% used [0x00000000c1c00000,0x00000000c2491c30,0x00000000c3e80000)
 Metaspace       used 31465K, capacity 32386K, committed 32512K, reserved 1077248K
  class space    used 4352K, capacity 4574K, committed 4608K, reserved 1048576K
Event: 11.967 GC heap after
Heap after GC invocations=10 (full 1):
 PSYoungGen      total 33280K, used 6629K [0x00000000eb400000, 0x00000000ee600000, 0x0000000100000000)
  eden space 26624K, 0% used [0x00000000eb400000,0x00000000eb400000,0x00000000ece00000)
  from space 6656K, 99% used [0x00000000ece00000,0x00000000ed4796c0,0x00000000ed480000)
  to   space 8192K, 0% used [0x00000000ede00000,0x00000000ede00000,0x00000000ee600000)
 ParOldGen       total 35328K, used 10009K [0x00000000c1c00000, 0x00000000c3e80000, 0x00000000eb400000)
  object space 35328K, 28% used [0x00000000c1c00000,0x00000000c25c64a0,0x00000000c3e80000)
 Metaspace       used 31465K, capacity 32386K, committed 32512K, reserved 1077248K
  class space    used 4352K, capacity 4574K, committed 4608K, reserved 1048576K
}

