# JRE version: Java(TM) SE Runtime Environment (8.0_131-b11) (build 1.8.0_131-b11)
# Java VM: Java HotSpot(TM) 64-Bit Server VM (25.131-b11 mixed mode windows-amd64 compressed oops)
Heap:
 PSYoungGen      total 69632K, used 12107K [0x00000000eb400000, 0x00000000f0e00000, 0x0000000100000000)
  eden space 62464K, 7% used [0x00000000eb400000,0x00000000eb8da7e0,0x00000000ef100000)
  from space 7168K, 99% used [0x00000000ef100000,0x00000000ef7f87f8,0x00000000ef800000)
  to   space 10240K, 0% used [0x00000000f0400000,0x00000000f0400000,0x00000000f0e00000)
 ParOldGen       total 38912K, used 13884K [0x00000000c1c00000, 0x00000000c4200000, 0x00000000eb400000)
  object space 38912K, 35% used [0x00000000c1c00000,0x00000000c298f198,0x00000000c4200000)
 Metaspace       used 33201K, capacity 34332K, committed 34432K, reserved 1079296K
  class space    used 4472K, capacity 4729K, committed 4736K, reserved 1048576K
GC Heap History (10 events):
Event: 2.229 GC heap before
{Heap before GC invocations=4 (full 0):
 PSYoungGen      total 18944K, used 18934K [0x00000000eb400000, 0x00000000ed900000, 0x0000000100000000)
  eden space 16384K, 100% used [0x00000000eb400000,0x00000000ec400000,0x00000000ec400000)
  from space 2560K, 99% used [0x00000000ec400000,0x00000000ec67d868,0x00000000ec680000)
  to   space 2560K, 0% used [0x00000000ed680000,0x00000000ed680000,0x00000000ed900000)
 ParOldGen       total 44032K, used 2478K [0x00000000c1c00000, 0x00000000c4700000, 0x00000000eb400000)
  object space 44032K, 5% used [0x00000000c1c00000,0x00000000c1e6baa8,0x00000000c4700000)
 Metaspace       used 16682K, capacity 17054K, committed 17152K, reserved 1064960K
  class space    used 2182K, capacity 2304K, committed 2304K, reserved 1048576K
Event: 2.237 GC heap after
Heap after GC invocations=4 (full 0):
 PSYoungGen      total 35328K, used 2550K [0x00000000eb400000, 0x00000000ed900000, 0x0000000100000000)
  eden space 32768K, 0% used [0x00000000eb400000,0x00000000eb400000,0x00000000ed400000)
  from space 2560K, 99% used [0x00000000ed680000,0x00000000ed8fd848,0x00000000ed900000)
  to   space 2560K, 0% used [0x00000000ed400000,0x00000000ed400000,0x00000000ed680000)
 ParOldGen       total 44032K, used 4651K [0x00000000c1c00000, 0x00000000c4700000, 0x00000000eb400000)
  object space 44032K, 10% used [0x00000000c1c00000,0x00000000c208ae88,0x00000000c4700000)
 Metaspace       used 16682K, capacity 17054K, committed 17152K, reserved 1064960K
  class space    used 2182K, capacity 2304K, committed 2304K, reserved 1048576K
}
Event: 2.849 GC heap before
{Heap before GC invocations=5 (full 0):
 PSYoungGen      total 35328K, used 24064K [0x00000000eb400000, 0x00000000ed900000, 0x0000000100000000)
  eden space 32768K, 65% used [0x00000000eb400000,0x00000000ec902820,0x00000000ed400000)
  from space 2560K, 99% used [0x00000000ed680000,0x00000000ed8fd848,0x00000000ed900000)
  to   space 2560K, 0% used [0x00000000ed400000,0x00000000ed400000,0x00000000ed680000)
 ParOldGen       total 44032K, used 4651K [0x00000000c1c00000, 0x00000000c4700000, 0x00000000eb400000)
  object space 44032K, 10% used [0x00000000c1c00000,0x00000000c208ae88,0x00000000c4700000)
 Metaspace       used 20830K, capacity 21150K, committed 21248K, reserved 1067008K
  class space    used 2634K, capacity 2752K, committed 2816K, reserved 1048576K
Event: 2.856 GC heap after
Heap after GC invocations=5 (full 0):
 PSYoungGen      total 35328K, used 2550K [0x00000000eb400000, 0x00000000f0300000, 0x0000000100000000)
  eden space 32768K, 0% used [0x00000000eb400000,0x00000000eb400000,0x00000000ed400000)
  from space 2560K, 99% used [0x00000000ed400000,0x00000000ed67d878,0x00000000ed680000)
  to   space 7680K, 0% used [0x00000000efb80000,0x00000000efb80000,0x00000000f0300000)
 ParOldGen       total 44032K, used 8955K [0x00000000c1c00000, 0x00000000c4700000, 0x00000000eb400000)
  object space 44032K, 20% used [0x00000000c1c00000,0x00000000c24bef28,0x00000000c4700000)
 Metaspace       used 20830K, capacity 21150K, committed 21248K, reserved 1067008K
  class space    used 2634K, capacity 2752K, committed 2816K, reserved 1048576K
}
Event: 2.856 GC heap before
{Heap before GC invocations=6 (full 1):
 PSYoungGen      total 35328K, used 2550K [0x00000000eb400000, 0x00000000f0300000, 0x0000000100000000)
  eden space 32768K, 0% used [0x00000000eb400000,0x00000000eb400000,0x00000000ed400000)
  from space 2560K, 99% used [0x00000000ed400000,0x00000000ed67d878,0x00000000ed680000)
  to   space 7680K, 0% used [0x00000000efb80000,0x00000000efb80000,0x00000000f0300000)
 ParOldGen       total 44032K, used 8955K [0x00000000c1c00000, 0x00000000c4700000, 0x00000000eb400000)
  object space 44032K, 20% used [0x00000000c1c00000,0x00000000c24bef28,0x00000000c4700000)
 Metaspace       used 20830K, capacity 21150K, committed 21248K, reserved 1067008K
  class space    used 2634K, capacity 2752K, committed 2816K, reserved 1048576K
Event: 2.910 GC heap after
Heap after GC invocations=6 (full 1):
 PSYoungGen      total 35328K, used 0K [0x00000000eb400000, 0x00000000f0300000, 0x0000000100000000)
  eden space 32768K, 0% used [0x00000000eb400000,0x00000000eb400000,0x00000000ed400000)
  from space 2560K, 0% used [0x00000000ed400000,0x00000000ed400000,0x00000000ed680000)
  to   space 7680K, 0% used [0x00000000efb80000,0x00000000efb80000,0x00000000f0300000)
 ParOldGen       total 38912K, used 10448K [0x00000000c1c00000, 0x00000000c4200000, 0x00000000eb400000)
  object space 38912K, 26% used [0x00000000c1c00000,0x00000000c2634278,0x00000000c4200000)
 Metaspace       used 20830K, capacity 21150K, committed 21248K, reserved 1067008K
  class space    used 2634K, capacity 2752K, committed 2816K, reserved 1048576K
}
Event: 3.926 GC heap before
{Heap before GC invocations=7 (full 1):
 PSYoungGen      total 35328K, used 32746K [0x00000000eb400000, 0x00000000f0300000, 0x0000000100000000)
  eden space 32768K, 99% used [0x00000000eb400000,0x00000000ed3fa848,0x00000000ed400000)
  from space 2560K, 0% used [0x00000000ed400000,0x00000000ed400000,0x00000000ed680000)
  to   space 7680K, 0% used [0x00000000efb80000,0x00000000efb80000,0x00000000f0300000)
 ParOldGen       total 38912K, used 10448K [0x00000000c1c00000, 0x00000000c4200000, 0x00000000eb400000)
  object space 38912K, 26% used [0x00000000c1c00000,0x00000000c2634278,0x00000000c4200000)
 Metaspace       used 26848K, capacity 27518K, committed 27776K, reserved 1073152K
  class space    used 3686K, capacity 3886K, committed 3968K, reserved 1048576K
Event: 3.931 GC heap after
Heap after GC invocations=7 (full 1):
 PSYoungGen      total 53248K, used 3581K [0x00000000eb400000, 0x00000000eff00000, 0x0000000100000000)
  eden space 49664K, 0% used [0x00000000eb400000,0x00000000eb400000,0x00000000ee480000)
  from space 3584K, 99% used [0x00000000efb80000,0x00000000efeff768,0x00000000eff00000)
  to   space 7168K, 0% used [0x00000000ef100000,0x00000000ef100000,0x00000000ef800000)
 ParOldGen       total 38912K, used 10456K [0x00000000c1c00000, 0x00000000c4200000, 0x00000000eb400000)
  object space 38912K, 26% used [0x00000000c1c00000,0x00000000c2636278,0x00000000c4200000)
 Metaspace       used 26848K, capacity 27518K, committed 27776K, reserved 1073152K
  class space    used 3686K, capacity 3886K, committed 3968K, reserved 1048576K
}
Event: 73.809 GC heap before
{Heap before GC invocations=8 (full 1):
 PSYoungGen      total 53248K, used 53245K [0x00000000eb400000, 0x00000000eff00000, 0x0000000100000000)
  eden space 49664K, 100% used [0x00000000eb400000,0x00000000ee480000,0x00000000ee480000)
  from space 3584K, 99% used [0x00000000efb80000,0x00000000efeff768,0x00000000eff00000)
  to   space 7168K, 0% used [0x00000000ef100000,0x00000000ef100000,0x00000000ef800000)
 ParOldGen       total 38912K, used 10456K [0x00000000c1c00000, 0x00000000c4200000, 0x00000000eb400000)
  object space 38912K, 26% used [0x00000000c1c00000,0x00000000c2636278,0x00000000c4200000)
 Metaspace       used 33061K, capacity 34088K, committed 34176K, reserved 1079296K
  class space    used 4466K, capacity 4691K, committed 4736K, reserved 1048576K
Event: 73.820 GC heap after
Heap after GC invocations=8 (full 1):
 PSYoungGen      total 69632K, used 7137K [0x00000000eb400000, 0x00000000f0e00000, 0x0000000100000000)
  eden space 62464K, 0% used [0x00000000eb400000,0x00000000eb400000,0x00000000ef100000)
  from space 7168K, 99% used [0x00000000ef100000,0x00000000ef7f87f8,0x00000000ef800000)
  to   space 10240K, 0% used [0x00000000f0400000,0x00000000f0400000,0x00000000f0e00000)
 ParOldGen       total 38912K, used 13884K [0x00000000c1c00000, 0x00000000c4200000, 0x00000000eb400000)
  object space 38912K, 35% used [0x00000000c1c00000,0x00000000c298f198,0x00000000c4200000)
 Metaspace       used 33061K, capacity 34088K, committed 34176K, reserved 1079296K
  class space    used 4466K, capacity 4691K, committed 4736K, reserved 1048576K
}

