# JRE version: Java(TM) SE Runtime Environment (8.0_131-b11) (build 1.8.0_131-b11)
# Java VM: Java HotSpot(TM) 64-Bit Server VM (25.131-b11 mixed mode windows-amd64 compressed oops)
Heap:
 PSYoungGen      total 33280K, used 17610K [0x00000000eb400000, 0x00000000edc80000, 0x0000000100000000)
  eden space 26112K, 49% used [0x00000000eb400000,0x00000000ec088600,0x00000000ecd80000)
  from space 7168K, 66% used [0x00000000ed480000,0x00000000ed92a2d0,0x00000000edb80000)
  to   space 7168K, 0% used [0x00000000ecd80000,0x00000000ecd80000,0x00000000ed480000)
 ParOldGen       total 37888K, used 10063K [0x00000000c1c00000, 0x00000000c4100000, 0x00000000eb400000)
  object space 37888K, 26% used [0x00000000c1c00000,0x00000000c25d3c98,0x00000000c4100000)
 Metaspace       used 30444K, capacity 31310K, committed 31360K, reserved 1077248K
  class space    used 4217K, capacity 4438K, committed 4480K, reserved 1048576K
GC Heap History (10 events):
Event: 10.574 GC heap before
{Heap before GC invocations=5 (full 0):
 PSYoungGen      total 18944K, used 15103K [0x00000000eb400000, 0x00000000ec900000, 0x0000000100000000)
  eden space 16384K, 79% used [0x00000000eb400000,0x00000000ec0ae4c8,0x00000000ec400000)
  from space 2560K, 82% used [0x00000000ec680000,0x00000000ec891900,0x00000000ec900000)
  to   space 2560K, 0% used [0x00000000ec400000,0x00000000ec400000,0x00000000ec680000)
 ParOldGen       total 44032K, used 6876K [0x00000000c1c00000, 0x00000000c4700000, 0x00000000eb400000)
  object space 44032K, 15% used [0x00000000c1c00000,0x00000000c22b7050,0x00000000c4700000)
 Metaspace       used 20436K, capacity 21192K, committed 21296K, reserved 1067008K
  class space    used 2970K, capacity 3157K, committed 3200K, reserved 1048576K
Event: 10.580 GC heap after
Heap after GC invocations=5 (full 0):
 PSYoungGen      total 18944K, used 2530K [0x00000000eb400000, 0x00000000ed200000, 0x0000000100000000)
  eden space 16384K, 0% used [0x00000000eb400000,0x00000000eb400000,0x00000000ec400000)
  from space 2560K, 98% used [0x00000000ec400000,0x00000000ec678b08,0x00000000ec680000)
  to   space 7168K, 0% used [0x00000000ecb00000,0x00000000ecb00000,0x00000000ed200000)
 ParOldGen       total 44032K, used 7976K [0x00000000c1c00000, 0x00000000c4700000, 0x00000000eb400000)
  object space 44032K, 18% used [0x00000000c1c00000,0x00000000c23ca3f0,0x00000000c4700000)
 Metaspace       used 20436K, capacity 21192K, committed 21296K, reserved 1067008K
  class space    used 2970K, capacity 3157K, committed 3200K, reserved 1048576K
}
Event: 10.580 GC heap before
{Heap before GC invocations=6 (full 1):
 PSYoungGen      total 18944K, used 2530K [0x00000000eb400000, 0x00000000ed200000, 0x0000000100000000)
  eden space 16384K, 0% used [0x00000000eb400000,0x00000000eb400000,0x00000000ec400000)
  from space 2560K, 98% used [0x00000000ec400000,0x00000000ec678b08,0x00000000ec680000)
  to   space 7168K, 0% used [0x00000000ecb00000,0x00000000ecb00000,0x00000000ed200000)
 ParOldGen       total 44032K, used 7976K [0x00000000c1c00000, 0x00000000c4700000, 0x00000000eb400000)
  object space 44032K, 18% used [0x00000000c1c00000,0x00000000c23ca3f0,0x00000000c4700000)
 Metaspace       used 20436K, capacity 21192K, committed 21296K, reserved 1067008K
  class space    used 2970K, capacity 3157K, committed 3200K, reserved 1048576K
Event: 10.654 GC heap after
Heap after GC invocations=6 (full 1):
 PSYoungGen      total 18944K, used 0K [0x00000000eb400000, 0x00000000ed200000, 0x0000000100000000)
  eden space 16384K, 0% used [0x00000000eb400000,0x00000000eb400000,0x00000000ec400000)
  from space 2560K, 0% used [0x00000000ec400000,0x00000000ec400000,0x00000000ec680000)
  to   space 7168K, 0% used [0x00000000ecb00000,0x00000000ecb00000,0x00000000ed200000)
 ParOldGen       total 37888K, used 10039K [0x00000000c1c00000, 0x00000000c4100000, 0x00000000eb400000)
  object space 37888K, 26% used [0x00000000c1c00000,0x00000000c25cdc98,0x00000000c4100000)
 Metaspace       used 20436K, capacity 21192K, committed 21296K, reserved 1067008K
  class space    used 2970K, capacity 3157K, committed 3200K, reserved 1048576K
}
Event: 11.158 GC heap before
{Heap before GC invocations=7 (full 1):
 PSYoungGen      total 18944K, used 16384K [0x00000000eb400000, 0x00000000ed200000, 0x0000000100000000)
  eden space 16384K, 100% used [0x00000000eb400000,0x00000000ec400000,0x00000000ec400000)
  from space 2560K, 0% used [0x00000000ec400000,0x00000000ec400000,0x00000000ec680000)
  to   space 7168K, 0% used [0x00000000ecb00000,0x00000000ecb00000,0x00000000ed200000)
 ParOldGen       total 37888K, used 10039K [0x00000000c1c00000, 0x00000000c4100000, 0x00000000eb400000)
  object space 37888K, 26% used [0x00000000c1c00000,0x00000000c25cdc98,0x00000000c4100000)
 Metaspace       used 23621K, capacity 24430K, committed 24576K, reserved 1071104K
  class space    used 3368K, capacity 3574K, committed 3584K, reserved 1048576K
Event: 11.162 GC heap after
Heap after GC invocations=7 (full 1):
 PSYoungGen      total 23552K, used 2299K [0x00000000eb400000, 0x00000000edb80000, 0x0000000100000000)
  eden space 16384K, 0% used [0x00000000eb400000,0x00000000eb400000,0x00000000ec400000)
  from space 7168K, 32% used [0x00000000ecb00000,0x00000000ecd3eff0,0x00000000ed200000)
  to   space 7168K, 0% used [0x00000000ec400000,0x00000000ec400000,0x00000000ecb00000)
 ParOldGen       total 37888K, used 10047K [0x00000000c1c00000, 0x00000000c4100000, 0x00000000eb400000)
  object space 37888K, 26% used [0x00000000c1c00000,0x00000000c25cfc98,0x00000000c4100000)
 Metaspace       used 23621K, capacity 24430K, committed 24576K, reserved 1071104K
  class space    used 3368K, capacity 3574K, committed 3584K, reserved 1048576K
}
Event: 11.673 GC heap before
{Heap before GC invocations=8 (full 1):
 PSYoungGen      total 23552K, used 18683K [0x00000000eb400000, 0x00000000edb80000, 0x0000000100000000)
  eden space 16384K, 100% used [0x00000000eb400000,0x00000000ec400000,0x00000000ec400000)
  from space 7168K, 32% used [0x00000000ecb00000,0x00000000ecd3eff0,0x00000000ed200000)
  to   space 7168K, 0% used [0x00000000ec400000,0x00000000ec400000,0x00000000ecb00000)
 ParOldGen       total 37888K, used 10047K [0x00000000c1c00000, 0x00000000c4100000, 0x00000000eb400000)
  object space 37888K, 26% used [0x00000000c1c00000,0x00000000c25cfc98,0x00000000c4100000)
 Metaspace       used 26698K, capacity 27470K, committed 27520K, reserved 1073152K
  class space    used 3742K, capacity 3926K, committed 3968K, reserved 1048576K
Event: 11.680 GC heap after
Heap after GC invocations=8 (full 1):
 PSYoungGen      total 23552K, used 4294K [0x00000000eb400000, 0x00000000edb80000, 0x0000000100000000)
  eden space 16384K, 0% used [0x00000000eb400000,0x00000000eb400000,0x00000000ec400000)
  from space 7168K, 59% used [0x00000000ec400000,0x00000000ec8319f8,0x00000000ecb00000)
  to   space 7168K, 0% used [0x00000000ed480000,0x00000000ed480000,0x00000000edb80000)
 ParOldGen       total 37888K, used 10055K [0x00000000c1c00000, 0x00000000c4100000, 0x00000000eb400000)
  object space 37888K, 26% used [0x00000000c1c00000,0x00000000c25d1c98,0x00000000c4100000)
 Metaspace       used 26698K, capacity 27470K, committed 27520K, reserved 1073152K
  class space    used 3742K, capacity 3926K, committed 3968K, reserved 1048576K
}
Event: 11.989 GC heap before
{Heap before GC invocations=9 (full 1):
 PSYoungGen      total 23552K, used 20678K [0x00000000eb400000, 0x00000000edb80000, 0x0000000100000000)
  eden space 16384K, 100% used [0x00000000eb400000,0x00000000ec400000,0x00000000ec400000)
  from space 7168K, 59% used [0x00000000ec400000,0x00000000ec8319f8,0x00000000ecb00000)
  to   space 7168K, 0% used [0x00000000ed480000,0x00000000ed480000,0x00000000edb80000)
 ParOldGen       total 37888K, used 10055K [0x00000000c1c00000, 0x00000000c4100000, 0x00000000eb400000)
  object space 37888K, 26% used [0x00000000c1c00000,0x00000000c25d1c98,0x00000000c4100000)
 Metaspace       used 28746K, capacity 29550K, committed 29568K, reserved 1075200K
  class space    used 4010K, capacity 4214K, committed 4224K, reserved 1048576K
Event: 11.995 GC heap after
Heap after GC invocations=9 (full 1):
 PSYoungGen      total 33280K, used 4776K [0x00000000eb400000, 0x00000000edc80000, 0x0000000100000000)
  eden space 26112K, 0% used [0x00000000eb400000,0x00000000eb400000,0x00000000ecd80000)
  from space 7168K, 66% used [0x00000000ed480000,0x00000000ed92a2d0,0x00000000edb80000)
  to   space 7168K, 0% used [0x00000000ecd80000,0x00000000ecd80000,0x00000000ed480000)
 ParOldGen       total 37888K, used 10063K [0x00000000c1c00000, 0x00000000c4100000, 0x00000000eb400000)
  object space 37888K, 26% used [0x00000000c1c00000,0x00000000c25d3c98,0x00000000c4100000)
 Metaspace       used 28746K, capacity 29550K, committed 29568K, reserved 1075200K
  class space    used 4010K, capacity 4214K, committed 4224K, reserved 1048576K
}

